<?xml version="1.0" encoding="UTF-8"?>
<!-- Generated by org.testng.reporters.JUnitReportReporter -->
<testsuite hostname="user" name="com.cogniphi.Taxi.testSuites.HomePage" tests="1" failures="0" timestamp="14 Sep 2018 07:44:30 GMT" time="0.019" errors="0">
  <testcase name="TC_001_verifyVehiclesAndTrips" time="0.019" classname="com.cogniphi.Taxi.testSuites.HomePage"/>
</testsuite> <!-- com.cogniphi.Taxi.testSuites.HomePage -->
