<?xml version="1.0" encoding="UTF-8"?>
<!-- Generated by org.testng.reporters.JUnitReportReporter -->
<testsuite hostname="user" name="com.cogniphi.Taxi.testSuites.NewTest" tests="1" failures="0" timestamp="10 Sep 2018 11:19:32 GMT" time="0.014" errors="0">
  <testcase name="f" time="0.014" classname="com.cogniphi.Taxi.testSuites.NewTest"/>
</testsuite> <!-- com.cogniphi.Taxi.testSuites.NewTest -->
