<?xml version="1.0" encoding="UTF-8"?>
<!-- Generated by org.testng.reporters.JUnitReportReporter -->
<testsuite hostname="user" name="com.cogniphi.Taxi.testSuites.TestSuite" tests="1" failures="0" timestamp="14 Sep 2018 07:28:54 GMT" time="0.009" errors="0">
  <testcase name="f" time="0.009" classname="com.cogniphi.Taxi.testSuites.TestSuite"/>
</testsuite> <!-- com.cogniphi.Taxi.testSuites.TestSuite -->
